<?xml version="1.0" encoding="UTF-8"?>
<testsuite xmlns:xsi="http://www.w3.org/2001/XMLSchema-instance" xsi:noNamespaceSchemaLocation="https://maven.apache.org/surefire/maven-surefire-plugin/xsd/surefire-test-report.xsd" version="3.0.2" name="com.garage.vehicle_service.VehicleServiceApplicationTests" time="17.689" tests="1" errors="0" skipped="0" failures="0">
  <properties>
[...]
</properties>
  <testcase name="contextLoads" classname="com.garage.vehicle_service.VehicleServiceApplicationTests" time="2.133">
    <system-out><![CDATA[11:12:37.047 [main] INFO org.springframework.test.context.support.AnnotationConfigContextLoaderUtils -- Could not detect default configuration classes for test class [com.garage.vehicle_service.VehicleServiceApplicationTests]: VehicleServiceApplicationTests does not declare any static, non-private, non-final, nested classes annotated with @Configuration.
11:12:37.568 [main] INFO org.springframework.boot.test.context.SpringBootTestContextBootstrapper -- Found @SpringBootConfiguration com.garage.vehicle_service.VehicleServiceApplication for test class com.garage.vehicle_service.VehicleServiceApplicationTests

  .   ____          _            __ _ _
 /\\ / ___'_ __ _ _(_)_ __  __ _ \ \ \ \
( ( )\___ | '_ | '_| | '_ \/ _` | \ \ \ \
 \\/  ___)| |_)| | | | | || (_| |  ) ) ) )
  '  |____| .__|_| |_|_| |_\__, | / / / /
 =========|_|==============|___/=/_/_/_/

 :: Spring Boot ::                (v3.4.0)

2024-12-22T11:12:40.106+01:00  INFO 6788 --- [           main] c.g.v.VehicleServiceApplicationTests     : Starting VehicleServiceApplicationTests using Java 21.0.4 with PID 6788 (started by MYC in C:\Users\MYC\Downloads\vehicle_service)
2024-12-22T11:12:40.117+01:00  INFO 6788 --- [           main] c.g.v.VehicleServiceApplicationTests     : No active profile set, falling back to 1 default profile: "default"
2024-12-22T11:12:42.341+01:00  INFO 6788 --- [           main] .s.d.r.c.RepositoryConfigurationDelegate : Bootstrapping Spring Data JPA repositories in DEFAULT mode.
2024-12-22T11:12:42.802+01:00  INFO 6788 --- [           main] .s.d.r.c.RepositoryConfigurationDelegate : Finished Spring Data repository scanning in 432 ms. Found 1 JPA repository interface.
2024-12-22T11:12:43.502+01:00  INFO 6788 --- [           main] o.s.cloud.context.scope.GenericScope     : BeanFactory id=09c506d5-c1f8-3bbe-9d6a-caf863baffd5
2024-12-22T11:12:44.352+01:00  INFO 6788 --- [           main] o.hibernate.jpa.internal.util.LogHelper  : HHH000204: Processing PersistenceUnitInfo [name: default]
2024-12-22T11:12:44.592+01:00  INFO 6788 --- [           main] org.hibernate.Version                    : HHH000412: Hibernate ORM core version 6.6.2.Final
2024-12-22T11:12:44.744+01:00  INFO 6788 --- [           main] o.h.c.internal.RegionFactoryInitiator    : HHH000026: Second-level cache disabled
2024-12-22T11:12:45.589+01:00  INFO 6788 --- [           main] o.s.o.j.p.SpringPersistenceUnitInfo      : No LoadTimeWeaver setup: ignoring JPA class transformer
2024-12-22T11:12:45.674+01:00  INFO 6788 --- [           main] com.zaxxer.hikari.HikariDataSource       : HikariPool-1 - Starting...
2024-12-22T11:12:46.153+01:00  INFO 6788 --- [           main] com.zaxxer.hikari.pool.HikariPool        : HikariPool-1 - Added connection org.postgresql.jdbc.PgConnection@5342eec5
2024-12-22T11:12:46.156+01:00  INFO 6788 --- [           main] com.zaxxer.hikari.HikariDataSource       : HikariPool-1 - Start completed.
2024-12-22T11:12:46.303+01:00  WARN 6788 --- [           main] org.hibernate.orm.deprecation            : HHH90000025: PostgreSQLDialect does not need to be specified explicitly using 'hibernate.dialect' (remove the property setting and it will be selected by default)
2024-12-22T11:12:46.355+01:00  INFO 6788 --- [           main] org.hibernate.orm.connections.pooling    : HHH10001005: Database info:
	Database JDBC URL [Connecting through datasource 'HikariDataSource (HikariPool-1)']
	Database driver: undefined/unknown
	Database version: 16.3
	Autocommit mode: undefined/unknown
	Isolation level: undefined/unknown
	Minimum pool size: undefined/unknown
	Maximum pool size: undefined/unknown
2024-12-22T11:12:48.517+01:00  INFO 6788 --- [           main] o.h.e.t.j.p.i.JtaPlatformInitiator       : HHH000489: No JTA platform available (set 'hibernate.transaction.jta.platform' to enable JTA platform integration)
2024-12-22T11:12:48.701+01:00  INFO 6788 --- [           main] j.LocalContainerEntityManagerFactoryBean : Initialized JPA EntityManagerFactory for persistence unit 'default'
2024-12-22T11:12:49.868+01:00  WARN 6788 --- [           main] JpaBaseConfiguration$JpaWebConfiguration : spring.jpa.open-in-view is enabled by default. Therefore, database queries may be performed during view rendering. Explicitly configure spring.jpa.open-in-view to disable this warning
2024-12-22T11:12:51.750+01:00  WARN 6788 --- [           main] iguration$LoadBalancerCaffeineWarnLogger : Spring Cloud LoadBalancer is currently working with the default cache. While this cache implementation is useful for development and tests, it's recommended to use Caffeine cache in production.You can switch to using Caffeine cache, by adding it and org.springframework.cache.caffeine.CaffeineCacheManager to the classpath.
2024-12-22T11:12:51.978+01:00  INFO 6788 --- [           main] c.g.v.VehicleServiceApplicationTests     : Started VehicleServiceApplicationTests in 13.208 seconds (process running for 17.67)
]]></system-out>
    <system-err><![CDATA[Mockito is currently self-attaching to enable the inline-mock-maker. This will no longer work in future releases of the JDK. Please add Mockito as an agent to your build what is described in Mockito's documentation: https://javadoc.io/doc/org.mockito/mockito-core/latest/org/mockito/Mockito.html#0.3
WARNING: A Java agent has been loaded dynamically (C:\Users\MYC\.m2\repository\net\bytebuddy\byte-buddy-agent\1.15.10\byte-buddy-agent-1.15.10.jar)
WARNING: If a serviceability tool is in use, please run with -XX:+EnableDynamicAgentLoading to hide this warning
WARNING: If a serviceability tool is not in use, please run with -Djdk.instrument.traceUsage for more information
WARNING: Dynamic loading of agents will be disallowed by default in a future release
]]></system-err>
  </testcase>
</testsuite>